<?xml version="1.0" encoding="UTF-8"?>
<!-- Generated by org.testng.reporters.JUnitReportReporter -->
<testsuite hostname="Shammy-Pushpo" failures="0" tests="3" name="com.testNG.EnableEqualTrueFalse" time="0.009" errors="0" timestamp="03 May 2023 01:52:52 GMT" skipped="1">
  <testcase classname="com.testNG.EnableEqualTrueFalse" name="getMethod3" time="0.001"/>
  <testcase classname="com.testNG.EnableEqualTrueFalse" name="getMethod1" time="0.008"/>
  <testcase classname="com.testNG.EnableEqualTrueFalse" name="getMethod2">
    <skipped/>
  </testcase> <!-- getMethod2 -->
</testsuite> <!-- com.testNG.EnableEqualTrueFalse -->
