<?xml version="1.0" encoding="UTF-8"?>
<!-- Generated by org.testng.reporters.JUnitReportReporter -->
<testsuite hostname="Shammy-Pushpo" failures="0" tests="5" name="com.testNG.InvocationCountTest" time="0.012" errors="0" timestamp="04 May 2023 16:33:24 GMT" skipped="0">
  <testcase classname="com.testNG.InvocationCountTest" name="gettest" time="0.001"/>
  <testcase classname="com.testNG.InvocationCountTest" name="gettest" time="0.009"/>
  <testcase classname="com.testNG.InvocationCountTest" name="gettest" time="0.000"/>
  <testcase classname="com.testNG.InvocationCountTest" name="gettest" time="0.001"/>
  <testcase classname="com.testNG.InvocationCountTest" name="gettest" time="0.001"/>
</testsuite> <!-- com.testNG.InvocationCountTest -->
