<?xml version="1.0" encoding="UTF-8"?>
<!-- Generated by org.testng.reporters.JUnitReportReporter -->
<testsuite hostname="Shammy-Pushpo" failures="0" tests="3" name="com.testNG.DataProviderTest" time="9.413" errors="0" timestamp="03 May 2023 15:39:23 GMT" skipped="0">
  <testcase classname="com.testNG.DataProviderTest" name="getlogin" time="3.197"/>
  <testcase classname="com.testNG.DataProviderTest" name="getlogin" time="2.985"/>
  <testcase classname="com.testNG.DataProviderTest" name="getlogin" time="3.231"/>
</testsuite> <!-- com.testNG.DataProviderTest -->
