<?xml version="1.0" encoding="UTF-8"?>
<!-- Generated by org.testng.reporters.JUnitReportReporter -->
<testsuite hostname="Shammy-Pushpo" failures="0" tests="1" name="com.usa.myrunner.My_Runner" time="21.755" errors="0" timestamp="01 May 2023 03:09:05 GMT" skipped="0">
  <testcase classname="com.usa.myrunner.My_Runner" name="runScenario" time="21.755"/>
</testsuite> <!-- com.usa.myrunner.My_Runner -->
