<?xml version="1.0" encoding="UTF-8"?>
<!-- Generated by org.testng.reporters.JUnitReportReporter -->
<testsuite hostname="Shammy-Pushpo" failures="0" tests="1" name="com.testNG.TestNG_Basic_Annotation" time="0.007" errors="0" timestamp="05 May 2023 21:46:14 GMT" skipped="0">
  <testcase classname="com.testNG.TestNG_Basic_Annotation" name="testCase1" time="0.007"/>
</testsuite> <!-- com.testNG.TestNG_Basic_Annotation -->
