<?xml version="1.0" encoding="UTF-8"?>
<!-- Generated by org.testng.reporters.JUnitReportReporter -->
<testsuite hostname="Shammy-Pushpo" failures="0" tests="3" name="com.testNG.TestDependsOnMethod" time="0.009" errors="0" timestamp="03 May 2023 01:39:11 GMT" skipped="0">
  <testcase classname="com.testNG.TestDependsOnMethod" name="getmethod1" time="0.008"/>
  <testcase classname="com.testNG.TestDependsOnMethod" name="getmethod2" time="0.001"/>
  <testcase classname="com.testNG.TestDependsOnMethod" name="getmethod3" time="0.000"/>
</testsuite> <!-- com.testNG.TestDependsOnMethod -->
