<?xml version="1.0" encoding="UTF-8"?>
<!-- Generated by org.testng.reporters.JUnitReportReporter -->
<testsuite hostname="Shammy-Pushpo" failures="0" tests="3" name="com.testNG.PriorityTest" time="0.014" errors="0" timestamp="03 May 2023 02:01:33 GMT" skipped="0">
  <testcase classname="com.testNG.PriorityTest" name="getMethod3" time="0.011"/>
  <testcase classname="com.testNG.PriorityTest" name="getMethod2" time="0.001"/>
  <testcase classname="com.testNG.PriorityTest" name="getMethod1" time="0.002"/>
</testsuite> <!-- com.testNG.PriorityTest -->
