<?xml version="1.0" encoding="UTF-8"?>
<!-- Generated by org.testng.reporters.JUnitReportReporter -->
<testsuite hostname="Shammy-Pushpo" failures="0" tests="3" name="com.testNG.ParallalTesting" time="12.086" errors="0" timestamp="03 May 2023 02:40:16 GMT" skipped="0">
  <testcase classname="com.testNG.ParallalTesting" name="getOpenBrowserNode1" time="3.988"/>
  <testcase classname="com.testNG.ParallalTesting" name="getOpenBrowserNode2" time="4.049"/>
  <testcase classname="com.testNG.ParallalTesting" name="getOpenBrowserNode3" time="4.049"/>
</testsuite> <!-- com.testNG.ParallalTesting -->
