<?xml version="1.0" encoding="UTF-8"?>
<!-- Generated by org.testng.reporters.JUnitReportReporter -->
<testsuite hostname="Shammy-Pushpo" failures="0" tests="1" name="com.usa.myrunner.My_Runner" time="31.921" errors="0" timestamp="18 May 2023 22:47:53 GMT" skipped="0">
  <testcase classname="com.usa.myrunner.My_Runner" name="runScenario" time="31.921"/>
</testsuite> <!-- com.usa.myrunner.My_Runner -->
